Error happened on: Mon Feb 03 11:09:51 CET 2020-------------- Failed Components -------------- 
1. Process
-------------- Stack Traces -------------- 
org.apache.uima.analysis_engine.AnalysisEngineProcessException
	at de.julielab.jcore.consumer.xmi.XMIDBWriter.batchProcessComplete(XMIDBWriter.java:979)
	at de.julielab.jcore.consumer.xmi.XMIDBWriter.process(XMIDBWriter.java:521)
	at org.apache.uima.analysis_component.JCasAnnotator_ImplBase.process(JCasAnnotator_ImplBase.java:48)
	at org.apache.uima.analysis_engine.impl.PrimitiveAnalysisEngine_impl.callAnalysisComponentProcess(PrimitiveAnalysisEngine_impl.java:411)
	at org.apache.uima.analysis_engine.impl.PrimitiveAnalysisEngine_impl.innerCall(PrimitiveAnalysisEngine_impl.java:329)
	at org.apache.uima.analysis_engine.impl.PrimitiveAnalysisEngine_impl.processAndOutputNewCASes(PrimitiveAnalysisEngine_impl.java:321)
	at org.apache.uima.analysis_engine.asb.impl.ASB_impl$AggregateCasIterator.processUntilNextOutputCas(ASB_impl.java:570)
	at org.apache.uima.analysis_engine.asb.impl.ASB_impl$AggregateCasIterator.<init>(ASB_impl.java:412)
	at org.apache.uima.analysis_engine.asb.impl.ASB_impl.process(ASB_impl.java:344)
	at org.apache.uima.analysis_engine.impl.AggregateAnalysisEngine_impl.processAndOutputNewCASes(AggregateAnalysisEngine_impl.java:271)
	at org.apache.uima.analysis_engine.asb.impl.ASB_impl$AggregateCasIterator.processUntilNextOutputCas(ASB_impl.java:570)
	at org.apache.uima.analysis_engine.asb.impl.ASB_impl$AggregateCasIterator.<init>(ASB_impl.java:412)
	at org.apache.uima.analysis_engine.asb.impl.ASB_impl.process(ASB_impl.java:344)
	at org.apache.uima.analysis_engine.impl.AggregateAnalysisEngine_impl.processAndOutputNewCASes(AggregateAnalysisEngine_impl.java:271)
	at org.apache.uima.analysis_engine.impl.AnalysisEngineImplBase.process(AnalysisEngineImplBase.java:269)
	at org.apache.uima.collection.impl.cpm.engine.ProcessingUnit.processNext(ProcessingUnit.java:895)
	at org.apache.uima.collection.impl.cpm.engine.ProcessingUnit.run(ProcessingUnit.java:575)
Caused by: de.julielab.jcore.consumer.xmi.XmiDataInsertionException: java.lang.NullPointerException
	at de.julielab.jcore.consumer.xmi.XmiDataInserter.sendXmiDataToDatabase(XmiDataInserter.java:181)
	at de.julielab.jcore.consumer.xmi.XMIDBWriter.batchProcessComplete(XMIDBWriter.java:970)
	... 16 more
Caused by: java.lang.NullPointerException
	at de.julielab.jcore.consumer.xmi.XmiDataInserter$1RowIterator.next(XmiDataInserter.java:150)
	at de.julielab.jcore.consumer.xmi.XmiDataInserter$1RowIterator.next(XmiDataInserter.java:78)
	at de.julielab.costosys.dbconnection.DataBaseConnector.updateFromRowIterator(DataBaseConnector.java:2528)
	at de.julielab.jcore.consumer.xmi.XmiDataInserter.sendXmiDataToDatabase(XmiDataInserter.java:173)
	... 17 more

