Error happened on: Sat Jan 19 19:55:51 CET 2019-------------- Failed Components -------------- 
1. Process
-------------- Stack Traces -------------- 
org.apache.uima.analysis_engine.AnalysisEngineProcessException
	at de.julielab.jcore.consumer.es.ElasticSearchConsumer.process(ElasticSearchConsumer.java:122)
	at org.apache.uima.analysis_component.JCasAnnotator_ImplBase.process(JCasAnnotator_ImplBase.java:48)
	at org.apache.uima.analysis_engine.impl.PrimitiveAnalysisEngine_impl.callAnalysisComponentProcess(PrimitiveAnalysisEngine_impl.java:401)
	at org.apache.uima.analysis_engine.impl.PrimitiveAnalysisEngine_impl.processAndOutputNewCASes(PrimitiveAnalysisEngine_impl.java:318)
	at org.apache.uima.analysis_engine.asb.impl.ASB_impl$AggregateCasIterator.processUntilNextOutputCas(ASB_impl.java:570)
	at org.apache.uima.analysis_engine.asb.impl.ASB_impl$AggregateCasIterator.<init>(ASB_impl.java:412)
	at org.apache.uima.analysis_engine.asb.impl.ASB_impl.process(ASB_impl.java:344)
	at org.apache.uima.analysis_engine.impl.AggregateAnalysisEngine_impl.processAndOutputNewCASes(AggregateAnalysisEngine_impl.java:271)
	at org.apache.uima.analysis_engine.impl.AnalysisEngineImplBase.process(AnalysisEngineImplBase.java:269)
	at org.apache.uima.collection.impl.cpm.engine.ProcessingUnit.processNext(ProcessingUnit.java:895)
	at org.apache.uima.collection.impl.cpm.engine.ProcessingUnit.run(ProcessingUnit.java:575)
Caused by: org.apache.uima.analysis_engine.AnalysisEngineProcessException
	at de.julielab.jcore.consumer.es.AbstractCasToJsonConsumer.convertCasToDocument(AbstractCasToJsonConsumer.java:151)
	at de.julielab.jcore.consumer.es.ElasticSearchConsumer.process(ElasticSearchConsumer.java:96)
	... 10 more
Caused by: java.lang.NullPointerException
	at de.julielab.trec.ct.CTFieldGenerator.addFields(CTFieldGenerator.java:73)
	at de.julielab.jcore.consumer.es.AbstractCasToJsonConsumer.convertCasToDocument(AbstractCasToJsonConsumer.java:124)
	... 11 more

